2014-12-07 02:58:22,085 WARN org.apache.hadoop.util.NativeCodeLoader: Unable to load native-hadoop library for your platform... using builtin-java classes where applicable
2014-12-07 02:58:23,958 WARN org.apache.hadoop.conf.Configuration: session.id is deprecated. Instead, use dfs.metrics.session-id
2014-12-07 02:58:23,963 INFO org.apache.hadoop.metrics.jvm.JvmMetrics: Initializing JVM Metrics with processName=JobTracker, sessionId=
2014-12-07 02:58:24,250 INFO org.apache.hadoop.metrics.jvm.JvmMetrics: Cannot initialize JVM Metrics with processName=JobTracker, sessionId= - already initialized
2014-12-07 02:58:24,430 WARN org.apache.hadoop.mapreduce.JobSubmitter: No job jar file set.  User classes may not be found. See Job or Job#setJar(String).
2014-12-07 02:58:24,491 INFO org.apache.hadoop.mapred.FileInputFormat: Total input paths to process : 2
2014-12-07 02:58:24,600 INFO org.apache.hadoop.mapreduce.JobSubmitter: number of splits:16
2014-12-07 02:58:24,647 WARN org.apache.hadoop.conf.Configuration: mapred.output.value.class is deprecated. Instead, use mapreduce.job.output.value.class
2014-12-07 02:58:24,655 WARN org.apache.hadoop.conf.Configuration: mapred.job.name is deprecated. Instead, use mapreduce.job.name
2014-12-07 02:58:24,656 WARN org.apache.hadoop.conf.Configuration: mapred.input.dir is deprecated. Instead, use mapreduce.input.fileinputformat.inputdir
2014-12-07 02:58:24,659 WARN org.apache.hadoop.conf.Configuration: mapred.output.dir is deprecated. Instead, use mapreduce.output.fileoutputformat.outputdir
2014-12-07 02:58:24,659 WARN org.apache.hadoop.conf.Configuration: mapred.map.tasks is deprecated. Instead, use mapreduce.job.maps
2014-12-07 02:58:24,660 WARN org.apache.hadoop.conf.Configuration: mapred.output.key.class is deprecated. Instead, use mapreduce.job.output.key.class
2014-12-07 02:58:24,665 WARN org.apache.hadoop.conf.Configuration: mapred.working.dir is deprecated. Instead, use mapreduce.job.working.dir
2014-12-07 02:58:25,374 INFO org.apache.hadoop.mapreduce.JobSubmitter: Submitting tokens for job: job_local232219808_0001
2014-12-07 02:58:26,912 INFO org.apache.hadoop.mapreduce.Job: The url to track the job: http://localhost:8080/
2014-12-07 02:58:26,925 INFO org.apache.hadoop.mapreduce.Job: Running job: job_local232219808_0001
2014-12-07 02:58:26,927 INFO org.apache.hadoop.mapred.LocalJobRunner: OutputCommitter set in config null
2014-12-07 02:58:26,948 INFO org.apache.hadoop.mapred.LocalJobRunner: OutputCommitter is org.apache.hadoop.mapred.FileOutputCommitter
2014-12-07 02:58:27,146 INFO org.apache.hadoop.mapred.LocalJobRunner: Waiting for map tasks
2014-12-07 02:58:27,161 INFO org.apache.hadoop.mapred.LocalJobRunner: Starting task: attempt_local232219808_0001_m_000000_0
2014-12-07 02:58:27,423 INFO org.apache.hadoop.mapred.Task:  Using ResourceCalculatorProcessTree : [ ]
2014-12-07 02:58:27,475 INFO org.apache.hadoop.mapred.MapTask: Processing split: file:/home/cloudera/workspace/MapperReducer/input/000002_0.txt:0+33554432
2014-12-07 02:58:27,524 INFO org.apache.hadoop.mapred.MapTask: numReduceTasks: 1
2014-12-07 02:58:27,567 INFO org.apache.hadoop.mapred.MapTask: Map output collector class = org.apache.hadoop.mapred.MapTask$MapOutputBuffer
2014-12-07 02:58:27,694 INFO org.apache.hadoop.mapred.MapTask: (EQUATOR) 0 kvi 26214396(104857584)
2014-12-07 02:58:27,695 INFO org.apache.hadoop.mapred.MapTask: mapreduce.task.io.sort.mb: 100
2014-12-07 02:58:27,695 INFO org.apache.hadoop.mapred.MapTask: soft limit at 83886080
2014-12-07 02:58:27,695 INFO org.apache.hadoop.mapred.MapTask: bufstart = 0; bufvoid = 104857600
2014-12-07 02:58:27,696 INFO org.apache.hadoop.mapred.MapTask: kvstart = 26214396; length = 6553600
2014-12-07 02:58:27,954 INFO org.apache.hadoop.mapreduce.Job: Job job_local232219808_0001 running in uber mode : false
2014-12-07 02:58:27,998 INFO org.apache.hadoop.mapreduce.Job:  map 0% reduce 0%
2014-12-07 02:58:31,975 INFO org.apache.hadoop.mapred.LocalJobRunner: Starting task: attempt_local232219808_0001_m_000001_0
2014-12-07 02:58:31,984 INFO org.apache.hadoop.mapred.Task:  Using ResourceCalculatorProcessTree : [ ]
2014-12-07 02:58:31,989 INFO org.apache.hadoop.mapred.MapTask: Processing split: file:/home/cloudera/workspace/MapperReducer/input/000002_0.txt:33554432+33554432
2014-12-07 02:58:32,004 INFO org.apache.hadoop.mapred.MapTask: numReduceTasks: 1
2014-12-07 02:58:32,008 INFO org.apache.hadoop.mapred.MapTask: Map output collector class = org.apache.hadoop.mapred.MapTask$MapOutputBuffer
2014-12-07 02:58:32,144 INFO org.apache.hadoop.mapred.MapTask: (EQUATOR) 0 kvi 26214396(104857584)
2014-12-07 02:58:32,145 INFO org.apache.hadoop.mapred.MapTask: mapreduce.task.io.sort.mb: 100
2014-12-07 02:58:32,145 INFO org.apache.hadoop.mapred.MapTask: soft limit at 83886080
2014-12-07 02:58:32,145 INFO org.apache.hadoop.mapred.MapTask: bufstart = 0; bufvoid = 104857600
2014-12-07 02:58:32,145 INFO org.apache.hadoop.mapred.MapTask: kvstart = 26214396; length = 6553600
2014-12-07 02:58:33,365 INFO org.apache.hadoop.mapred.LocalJobRunner: file:/home/cloudera/workspace/MapperReducer/input/000002_0.txt:0+33554432 > map
2014-12-07 02:58:34,577 INFO org.apache.hadoop.mapred.LocalJobRunner: Starting task: attempt_local232219808_0001_m_000002_0
2014-12-07 02:58:34,580 INFO org.apache.hadoop.mapred.Task:  Using ResourceCalculatorProcessTree : [ ]
2014-12-07 02:58:34,581 INFO org.apache.hadoop.mapred.MapTask: Processing split: file:/home/cloudera/workspace/MapperReducer/input/000002_0.txt:67108864+33554432
2014-12-07 02:58:34,583 INFO org.apache.hadoop.mapred.MapTask: numReduceTasks: 1
2014-12-07 02:58:34,583 INFO org.apache.hadoop.mapred.MapTask: Map output collector class = org.apache.hadoop.mapred.MapTask$MapOutputBuffer
2014-12-07 02:58:34,678 INFO org.apache.hadoop.mapred.MapTask: (EQUATOR) 0 kvi 26214396(104857584)
2014-12-07 02:58:34,680 INFO org.apache.hadoop.mapred.MapTask: mapreduce.task.io.sort.mb: 100
2014-12-07 02:58:34,680 INFO org.apache.hadoop.mapred.MapTask: soft limit at 83886080
2014-12-07 02:58:34,680 INFO org.apache.hadoop.mapred.MapTask: bufstart = 0; bufvoid = 104857600
2014-12-07 02:58:34,680 INFO org.apache.hadoop.mapred.MapTask: kvstart = 26214396; length = 6553600
2014-12-07 02:58:36,371 INFO org.apache.hadoop.mapred.LocalJobRunner: file:/home/cloudera/workspace/MapperReducer/input/000002_0.txt:0+33554432 > map
2014-12-07 02:58:38,044 INFO org.apache.hadoop.mapred.LocalJobRunner: file:/home/cloudera/workspace/MapperReducer/input/000002_0.txt:33554432+33554432 > map
2014-12-07 02:58:40,592 INFO org.apache.hadoop.mapred.LocalJobRunner: file:/home/cloudera/workspace/MapperReducer/input/000002_0.txt:67108864+33554432 > map
2014-12-07 02:58:41,080 INFO org.apache.hadoop.mapreduce.Job:  map 1% reduce 0%
2014-12-07 02:58:43,593 INFO org.apache.hadoop.mapred.LocalJobRunner: file:/home/cloudera/workspace/MapperReducer/input/000002_0.txt:67108864+33554432 > map
2014-12-07 02:58:46,595 INFO org.apache.hadoop.mapred.LocalJobRunner: file:/home/cloudera/workspace/MapperReducer/input/000002_0.txt:67108864+33554432 > map
2014-12-07 02:58:49,598 INFO org.apache.hadoop.mapred.LocalJobRunner: file:/home/cloudera/workspace/MapperReducer/input/000002_0.txt:67108864+33554432 > map
2014-12-07 02:58:50,090 INFO org.apache.hadoop.mapreduce.Job:  map 2% reduce 0%
2014-12-07 02:58:52,599 INFO org.apache.hadoop.mapred.LocalJobRunner: file:/home/cloudera/workspace/MapperReducer/input/000002_0.txt:67108864+33554432 > map
2014-12-07 02:58:55,599 INFO org.apache.hadoop.mapred.LocalJobRunner: file:/home/cloudera/workspace/MapperReducer/input/000002_0.txt:67108864+33554432 > map
2014-12-07 02:58:58,600 INFO org.apache.hadoop.mapred.LocalJobRunner: file:/home/cloudera/workspace/MapperReducer/input/000002_0.txt:67108864+33554432 > map
2014-12-07 02:59:01,331 INFO org.apache.hadoop.mapred.LocalJobRunner: Starting task: attempt_local232219808_0001_m_000003_0
2014-12-07 02:59:01,336 INFO org.apache.hadoop.mapred.Task:  Using ResourceCalculatorProcessTree : [ ]
2014-12-07 02:59:01,338 INFO org.apache.hadoop.mapred.MapTask: Processing split: file:/home/cloudera/workspace/MapperReducer/input/000002_0.txt:100663296+33554432
2014-12-07 02:59:01,340 INFO org.apache.hadoop.mapred.MapTask: numReduceTasks: 1
2014-12-07 02:59:01,340 INFO org.apache.hadoop.mapred.MapTask: Map output collector class = org.apache.hadoop.mapred.MapTask$MapOutputBuffer
2014-12-07 02:59:01,364 INFO org.apache.hadoop.mapred.MapTask: (EQUATOR) 0 kvi 26214396(104857584)
2014-12-07 02:59:01,364 INFO org.apache.hadoop.mapred.MapTask: mapreduce.task.io.sort.mb: 100
2014-12-07 02:59:01,364 INFO org.apache.hadoop.mapred.MapTask: soft limit at 83886080
2014-12-07 02:59:01,364 INFO org.apache.hadoop.mapred.MapTask: bufstart = 0; bufvoid = 104857600
2014-12-07 02:59:01,365 INFO org.apache.hadoop.mapred.MapTask: kvstart = 26214396; length = 6553600
2014-12-07 02:59:01,920 INFO org.apache.hadoop.mapred.LocalJobRunner: file:/home/cloudera/workspace/MapperReducer/input/000002_0.txt:67108864+33554432 > map
2014-12-07 02:59:02,102 INFO org.apache.hadoop.mapreduce.Job:  map 3% reduce 0%
2014-12-07 02:59:04,921 INFO org.apache.hadoop.mapred.LocalJobRunner: file:/home/cloudera/workspace/MapperReducer/input/000002_0.txt:67108864+33554432 > map
2014-12-07 02:59:07,341 INFO org.apache.hadoop.mapred.LocalJobRunner: file:/home/cloudera/workspace/MapperReducer/input/000002_0.txt:100663296+33554432 > map
2014-12-07 02:59:10,341 INFO org.apache.hadoop.mapred.LocalJobRunner: file:/home/cloudera/workspace/MapperReducer/input/000002_0.txt:100663296+33554432 > map
2014-12-07 02:59:11,111 INFO org.apache.hadoop.mapreduce.Job:  map 4% reduce 0%
2014-12-07 02:59:13,341 INFO org.apache.hadoop.mapred.LocalJobRunner: file:/home/cloudera/workspace/MapperReducer/input/000002_0.txt:100663296+33554432 > map
2014-12-07 02:59:16,342 INFO org.apache.hadoop.mapred.LocalJobRunner: file:/home/cloudera/workspace/MapperReducer/input/000002_0.txt:100663296+33554432 > map
2014-12-07 02:59:17,121 INFO org.apache.hadoop.mapreduce.Job:  map 5% reduce 0%
2014-12-07 02:59:19,343 INFO org.apache.hadoop.mapred.LocalJobRunner: file:/home/cloudera/workspace/MapperReducer/input/000002_0.txt:100663296+33554432 > map
2014-12-07 02:59:22,344 INFO org.apache.hadoop.mapred.LocalJobRunner: file:/home/cloudera/workspace/MapperReducer/input/000002_0.txt:100663296+33554432 > map
2014-12-07 02:59:23,127 INFO org.apache.hadoop.mapreduce.Job:  map 6% reduce 0%
2014-12-07 02:59:25,345 INFO org.apache.hadoop.mapred.LocalJobRunner: file:/home/cloudera/workspace/MapperReducer/input/000002_0.txt:100663296+33554432 > map
2014-12-07 02:59:27,379 INFO org.apache.hadoop.mapred.LocalJobRunner: file:/home/cloudera/workspace/MapperReducer/input/000002_0.txt:100663296+33554432 > map
2014-12-07 02:59:27,382 INFO org.apache.hadoop.mapred.MapTask: Starting flush of map output
2014-12-07 02:59:27,382 INFO org.apache.hadoop.mapred.MapTask: Spilling map output
2014-12-07 02:59:27,382 INFO org.apache.hadoop.mapred.MapTask: bufstart = 0; bufend = 12366536; bufvoid = 104857600
2014-12-07 02:59:27,382 INFO org.apache.hadoop.mapred.MapTask: kvstart = 26214396(104857584); kvend = 22681104(90724416); length = 3533293/6553600
2014-12-07 02:59:28,347 INFO org.apache.hadoop.mapred.LocalJobRunner: file:/home/cloudera/workspace/MapperReducer/input/000002_0.txt:100663296+33554432 > sort
2014-12-07 02:59:28,822 INFO org.apache.hadoop.mapred.MapTask: Finished spill 0
2014-12-07 02:59:28,825 INFO org.apache.hadoop.mapred.Task: Task:attempt_local232219808_0001_m_000003_0 is done. And is in the process of committing
2014-12-07 02:59:28,826 INFO org.apache.hadoop.mapred.LocalJobRunner: file:/home/cloudera/workspace/MapperReducer/input/000002_0.txt:100663296+33554432
2014-12-07 02:59:28,826 INFO org.apache.hadoop.mapred.Task: Task 'attempt_local232219808_0001_m_000003_0' done.
2014-12-07 02:59:28,826 INFO org.apache.hadoop.mapred.LocalJobRunner: Finishing task: attempt_local232219808_0001_m_000003_0
2014-12-07 02:59:28,826 INFO org.apache.hadoop.mapred.LocalJobRunner: Starting task: attempt_local232219808_0001_m_000004_0
2014-12-07 02:59:28,828 INFO org.apache.hadoop.mapred.Task:  Using ResourceCalculatorProcessTree : [ ]
2014-12-07 02:59:28,830 INFO org.apache.hadoop.mapred.MapTask: Processing split: file:/home/cloudera/workspace/MapperReducer/input/000002_0.txt:134217728+33554432
2014-12-07 02:59:28,832 INFO org.apache.hadoop.mapred.MapTask: numReduceTasks: 1
2014-12-07 02:59:28,833 INFO org.apache.hadoop.mapred.MapTask: Map output collector class = org.apache.hadoop.mapred.MapTask$MapOutputBuffer
2014-12-07 02:59:28,853 INFO org.apache.hadoop.mapred.MapTask: (EQUATOR) 0 kvi 26214396(104857584)
2014-12-07 02:59:28,853 INFO org.apache.hadoop.mapred.MapTask: mapreduce.task.io.sort.mb: 100
2014-12-07 02:59:28,853 INFO org.apache.hadoop.mapred.MapTask: soft limit at 83886080
2014-12-07 02:59:28,854 INFO org.apache.hadoop.mapred.MapTask: bufstart = 0; bufvoid = 104857600
2014-12-07 02:59:28,854 INFO org.apache.hadoop.mapred.MapTask: kvstart = 26214396; length = 6553600
2014-12-07 02:59:29,141 INFO org.apache.hadoop.mapreduce.Job:  map 100% reduce 0%
2014-12-07 02:59:31,837 INFO org.apache.hadoop.mapred.LocalJobRunner: file:/home/cloudera/workspace/MapperReducer/input/000002_0.txt:134217728+33554432 > map
2014-12-07 02:59:32,145 INFO org.apache.hadoop.mapreduce.Job:  map 9% reduce 0%
2014-12-07 02:59:34,837 INFO org.apache.hadoop.mapred.LocalJobRunner: file:/home/cloudera/workspace/MapperReducer/input/000002_0.txt:134217728+33554432 > map
2014-12-07 02:59:35,150 INFO org.apache.hadoop.mapreduce.Job:  map 10% reduce 0%
2014-12-07 02:59:37,838 INFO org.apache.hadoop.mapred.LocalJobRunner: file:/home/cloudera/workspace/MapperReducer/input/000002_0.txt:134217728+33554432 > map
2014-12-07 02:59:38,998 INFO org.apache.hadoop.mapred.LocalJobRunner: Starting task: attempt_local232219808_0001_m_000005_0
2014-12-07 02:59:39,001 INFO org.apache.hadoop.mapred.Task:  Using ResourceCalculatorProcessTree : [ ]
2014-12-07 02:59:39,006 INFO org.apache.hadoop.mapred.MapTask: Processing split: file:/home/cloudera/workspace/MapperReducer/input/000002_0.txt:167772160+33554432
2014-12-07 02:59:39,007 INFO org.apache.hadoop.mapred.MapTask: numReduceTasks: 1
2014-12-07 02:59:39,007 INFO org.apache.hadoop.mapred.MapTask: Map output collector class = org.apache.hadoop.mapred.MapTask$MapOutputBuffer
2014-12-07 02:59:39,028 INFO org.apache.hadoop.mapred.MapTask: (EQUATOR) 0 kvi 26214396(104857584)
2014-12-07 02:59:39,028 INFO org.apache.hadoop.mapred.MapTask: mapreduce.task.io.sort.mb: 100
2014-12-07 02:59:39,028 INFO org.apache.hadoop.mapred.MapTask: soft limit at 83886080
2014-12-07 02:59:39,028 INFO org.apache.hadoop.mapred.MapTask: bufstart = 0; bufvoid = 104857600
2014-12-07 02:59:39,028 INFO org.apache.hadoop.mapred.MapTask: kvstart = 26214396; length = 6553600
2014-12-07 02:59:41,029 INFO org.apache.hadoop.mapred.LocalJobRunner: file:/home/cloudera/workspace/MapperReducer/input/000002_0.txt:134217728+33554432 > map
2014-12-07 02:59:41,156 INFO org.apache.hadoop.mapreduce.Job:  map 11% reduce 0%
2014-12-07 02:59:42,010 INFO org.apache.hadoop.mapred.LocalJobRunner: file:/home/cloudera/workspace/MapperReducer/input/000002_0.txt:167772160+33554432 > map
2014-12-07 02:59:44,030 INFO org.apache.hadoop.mapred.LocalJobRunner: file:/home/cloudera/workspace/MapperReducer/input/000002_0.txt:134217728+33554432 > map
2014-12-07 02:59:45,011 INFO org.apache.hadoop.mapred.LocalJobRunner: file:/home/cloudera/workspace/MapperReducer/input/000002_0.txt:167772160+33554432 > map
2014-12-07 02:59:45,158 INFO org.apache.hadoop.mapreduce.Job:  map 12% reduce 0%
2014-12-07 02:59:48,011 INFO org.apache.hadoop.mapred.LocalJobRunner: file:/home/cloudera/workspace/MapperReducer/input/000002_0.txt:167772160+33554432 > map
2014-12-07 02:59:51,013 INFO org.apache.hadoop.mapred.LocalJobRunner: file:/home/cloudera/workspace/MapperReducer/input/000002_0.txt:167772160+33554432 > map
2014-12-07 02:59:51,163 INFO org.apache.hadoop.mapreduce.Job:  map 13% reduce 0%
2014-12-07 02:59:54,014 INFO org.apache.hadoop.mapred.LocalJobRunner: file:/home/cloudera/workspace/MapperReducer/input/000002_0.txt:167772160+33554432 > map
2014-12-07 02:59:57,014 INFO org.apache.hadoop.mapred.LocalJobRunner: file:/home/cloudera/workspace/MapperReducer/input/000002_0.txt:167772160+33554432 > map
2014-12-07 02:59:57,170 INFO org.apache.hadoop.mapreduce.Job:  map 14% reduce 0%
2014-12-07 03:00:00,015 INFO org.apache.hadoop.mapred.LocalJobRunner: file:/home/cloudera/workspace/MapperReducer/input/000002_0.txt:167772160+33554432 > map
2014-12-07 03:00:03,015 INFO org.apache.hadoop.mapred.LocalJobRunner: file:/home/cloudera/workspace/MapperReducer/input/000002_0.txt:167772160+33554432 > map
2014-12-07 03:00:03,175 INFO org.apache.hadoop.mapreduce.Job:  map 15% reduce 0%
2014-12-07 03:00:03,887 INFO org.apache.hadoop.mapred.LocalJobRunner: file:/home/cloudera/workspace/MapperReducer/input/000002_0.txt:167772160+33554432 > map
2014-12-07 03:00:03,888 INFO org.apache.hadoop.mapred.MapTask: Starting flush of map output
2014-12-07 03:00:03,888 INFO org.apache.hadoop.mapred.MapTask: Spilling map output
2014-12-07 03:00:03,888 INFO org.apache.hadoop.mapred.MapTask: bufstart = 0; bufend = 12559862; bufvoid = 104857600
2014-12-07 03:00:03,888 INFO org.apache.hadoop.mapred.MapTask: kvstart = 26214396(104857584); kvend = 22625868(90503472); length = 3588529/6553600
2014-12-07 03:00:04,737 INFO org.apache.hadoop.mapred.MapTask: Finished spill 0
2014-12-07 03:00:04,740 INFO org.apache.hadoop.mapred.Task: Task:attempt_local232219808_0001_m_000005_0 is done. And is in the process of committing
2014-12-07 03:00:04,741 INFO org.apache.hadoop.mapred.LocalJobRunner: file:/home/cloudera/workspace/MapperReducer/input/000002_0.txt:167772160+33554432
2014-12-07 03:00:04,742 INFO org.apache.hadoop.mapred.Task: Task 'attempt_local232219808_0001_m_000005_0' done.
2014-12-07 03:00:04,742 INFO org.apache.hadoop.mapred.LocalJobRunner: Finishing task: attempt_local232219808_0001_m_000005_0
2014-12-07 03:00:04,742 INFO org.apache.hadoop.mapred.LocalJobRunner: Starting task: attempt_local232219808_0001_m_000006_0
2014-12-07 03:00:04,745 INFO org.apache.hadoop.mapred.Task:  Using ResourceCalculatorProcessTree : [ ]
2014-12-07 03:00:04,746 INFO org.apache.hadoop.mapred.MapTask: Processing split: file:/home/cloudera/workspace/MapperReducer/input/000002_0.txt:201326592+33554432
2014-12-07 03:00:04,768 INFO org.apache.hadoop.mapred.MapTask: numReduceTasks: 1
2014-12-07 03:00:04,769 INFO org.apache.hadoop.mapred.MapTask: Map output collector class = org.apache.hadoop.mapred.MapTask$MapOutputBuffer
2014-12-07 03:00:04,827 INFO org.apache.hadoop.mapred.MapTask: (EQUATOR) 0 kvi 26214396(104857584)
2014-12-07 03:00:04,832 INFO org.apache.hadoop.mapred.MapTask: mapreduce.task.io.sort.mb: 100
2014-12-07 03:00:04,832 INFO org.apache.hadoop.mapred.MapTask: soft limit at 83886080
2014-12-07 03:00:04,832 INFO org.apache.hadoop.mapred.MapTask: bufstart = 0; bufvoid = 104857600
2014-12-07 03:00:04,832 INFO org.apache.hadoop.mapred.MapTask: kvstart = 26214396; length = 6553600
2014-12-07 03:00:05,178 INFO org.apache.hadoop.mapreduce.Job:  map 100% reduce 0%
2014-12-07 03:00:10,776 INFO org.apache.hadoop.mapred.LocalJobRunner: file:/home/cloudera/workspace/MapperReducer/input/000002_0.txt:201326592+33554432 > map
2014-12-07 03:00:11,181 INFO org.apache.hadoop.mapreduce.Job:  map 18% reduce 0%
2014-12-07 03:00:13,776 INFO org.apache.hadoop.mapred.LocalJobRunner: file:/home/cloudera/workspace/MapperReducer/input/000002_0.txt:201326592+33554432 > map
2014-12-07 03:00:16,777 INFO org.apache.hadoop.mapred.LocalJobRunner: file:/home/cloudera/workspace/MapperReducer/input/000002_0.txt:201326592+33554432 > map
2014-12-07 03:00:17,187 INFO org.apache.hadoop.mapreduce.Job:  map 19% reduce 0%
2014-12-07 03:00:19,777 INFO org.apache.hadoop.mapred.LocalJobRunner: file:/home/cloudera/workspace/MapperReducer/input/000002_0.txt:201326592+33554432 > map
2014-12-07 03:00:22,778 INFO org.apache.hadoop.mapred.LocalJobRunner: file:/home/cloudera/workspace/MapperReducer/input/000002_0.txt:201326592+33554432 > map
2014-12-07 03:00:23,192 INFO org.apache.hadoop.mapreduce.Job:  map 20% reduce 0%
2014-12-07 03:00:25,779 INFO org.apache.hadoop.mapred.LocalJobRunner: file:/home/cloudera/workspace/MapperReducer/input/000002_0.txt:201326592+33554432 > map
2014-12-07 03:00:28,780 INFO org.apache.hadoop.mapred.LocalJobRunner: file:/home/cloudera/workspace/MapperReducer/input/000002_0.txt:201326592+33554432 > map
2014-12-07 03:00:29,099 INFO org.apache.hadoop.mapred.LocalJobRunner: Starting task: attempt_local232219808_0001_m_000007_0
2014-12-07 03:00:29,103 INFO org.apache.hadoop.mapred.Task:  Using ResourceCalculatorProcessTree : [ ]
2014-12-07 03:00:29,105 INFO org.apache.hadoop.mapred.MapTask: Processing split: file:/home/cloudera/workspace/MapperReducer/input/000002_0.txt~:0+33554432
2014-12-07 03:00:29,107 INFO org.apache.hadoop.mapred.MapTask: numReduceTasks: 1
2014-12-07 03:00:29,107 INFO org.apache.hadoop.mapred.MapTask: Map output collector class = org.apache.hadoop.mapred.MapTask$MapOutputBuffer
2014-12-07 03:00:29,127 INFO org.apache.hadoop.mapred.MapTask: (EQUATOR) 0 kvi 26214396(104857584)
2014-12-07 03:00:29,127 INFO org.apache.hadoop.mapred.MapTask: mapreduce.task.io.sort.mb: 100
2014-12-07 03:00:29,127 INFO org.apache.hadoop.mapred.MapTask: soft limit at 83886080
2014-12-07 03:00:29,127 INFO org.apache.hadoop.mapred.MapTask: bufstart = 0; bufvoid = 104857600
2014-12-07 03:00:29,127 INFO org.apache.hadoop.mapred.MapTask: kvstart = 26214396; length = 6553600
2014-12-07 03:00:29,197 INFO org.apache.hadoop.mapreduce.Job:  map 21% reduce 0%
2014-12-07 03:00:29,386 INFO org.apache.hadoop.mapred.LocalJobRunner: Starting task: attempt_local232219808_0001_m_000008_0
2014-12-07 03:00:29,388 INFO org.apache.hadoop.mapred.Task:  Using ResourceCalculatorProcessTree : [ ]
2014-12-07 03:00:29,389 INFO org.apache.hadoop.mapred.MapTask: Processing split: file:/home/cloudera/workspace/MapperReducer/input/000002_0.txt~:33554432+33554432
2014-12-07 03:00:29,390 INFO org.apache.hadoop.mapred.MapTask: numReduceTasks: 1
2014-12-07 03:00:29,391 INFO org.apache.hadoop.mapred.MapTask: Map output collector class = org.apache.hadoop.mapred.MapTask$MapOutputBuffer
2014-12-07 03:00:29,444 INFO org.apache.hadoop.mapred.MapTask: (EQUATOR) 0 kvi 26214396(104857584)
2014-12-07 03:00:29,444 INFO org.apache.hadoop.mapred.MapTask: mapreduce.task.io.sort.mb: 100
2014-12-07 03:00:29,444 INFO org.apache.hadoop.mapred.MapTask: soft limit at 83886080
2014-12-07 03:00:29,444 INFO org.apache.hadoop.mapred.MapTask: bufstart = 0; bufvoid = 104857600
2014-12-07 03:00:29,444 INFO org.apache.hadoop.mapred.MapTask: kvstart = 26214396; length = 6553600
2014-12-07 03:00:31,270 INFO org.apache.hadoop.mapred.LocalJobRunner: Starting task: attempt_local232219808_0001_m_000009_0
2014-12-07 03:00:31,274 INFO org.apache.hadoop.mapred.Task:  Using ResourceCalculatorProcessTree : [ ]
2014-12-07 03:00:31,276 INFO org.apache.hadoop.mapred.MapTask: Processing split: file:/home/cloudera/workspace/MapperReducer/input/000002_0.txt~:67108864+33554432
2014-12-07 03:00:31,279 INFO org.apache.hadoop.mapred.MapTask: numReduceTasks: 1
2014-12-07 03:00:31,279 INFO org.apache.hadoop.mapred.MapTask: Map output collector class = org.apache.hadoop.mapred.MapTask$MapOutputBuffer
2014-12-07 03:00:31,549 INFO org.apache.hadoop.mapred.MapTask: (EQUATOR) 0 kvi 26214396(104857584)
2014-12-07 03:00:31,550 INFO org.apache.hadoop.mapred.MapTask: mapreduce.task.io.sort.mb: 100
2014-12-07 03:00:31,550 INFO org.apache.hadoop.mapred.MapTask: soft limit at 83886080
2014-12-07 03:00:31,550 INFO org.apache.hadoop.mapred.MapTask: bufstart = 0; bufvoid = 104857600
2014-12-07 03:00:31,550 INFO org.apache.hadoop.mapred.MapTask: kvstart = 26214396; length = 6553600
2014-12-07 03:00:31,781 INFO org.apache.hadoop.mapred.LocalJobRunner: file:/home/cloudera/workspace/MapperReducer/input/000002_0.txt:201326592+33554432 > map
2014-12-07 03:00:32,392 INFO org.apache.hadoop.mapred.LocalJobRunner: file:/home/cloudera/workspace/MapperReducer/input/000002_0.txt~:33554432+33554432 > map
2014-12-07 03:00:34,782 INFO org.apache.hadoop.mapred.LocalJobRunner: file:/home/cloudera/workspace/MapperReducer/input/000002_0.txt:201326592+33554432 > map
2014-12-07 03:00:35,106 INFO org.apache.hadoop.mapred.LocalJobRunner: file:/home/cloudera/workspace/MapperReducer/input/000002_0.txt~:0+33554432 > map
2014-12-07 03:00:35,397 INFO org.apache.hadoop.mapred.LocalJobRunner: file:/home/cloudera/workspace/MapperReducer/input/000002_0.txt~:33554432+33554432 > map
2014-12-07 03:00:37,280 INFO org.apache.hadoop.mapred.LocalJobRunner: file:/home/cloudera/workspace/MapperReducer/input/000002_0.txt~:67108864+33554432 > map
2014-12-07 03:00:38,238 INFO org.apache.hadoop.mapreduce.Job:  map 22% reduce 0%
2014-12-07 03:00:40,280 INFO org.apache.hadoop.mapred.LocalJobRunner: file:/home/cloudera/workspace/MapperReducer/input/000002_0.txt~:67108864+33554432 > map
2014-12-07 03:00:43,281 INFO org.apache.hadoop.mapred.LocalJobRunner: file:/home/cloudera/workspace/MapperReducer/input/000002_0.txt~:67108864+33554432 > map
2014-12-07 03:00:46,282 INFO org.apache.hadoop.mapred.LocalJobRunner: file:/home/cloudera/workspace/MapperReducer/input/000002_0.txt~:67108864+33554432 > map
2014-12-07 03:00:49,283 INFO org.apache.hadoop.mapred.LocalJobRunner: file:/home/cloudera/workspace/MapperReducer/input/000002_0.txt~:67108864+33554432 > map
2014-12-07 03:00:49,312 INFO org.apache.hadoop.mapreduce.Job:  map 23% reduce 0%
2014-12-07 03:00:52,284 INFO org.apache.hadoop.mapred.LocalJobRunner: file:/home/cloudera/workspace/MapperReducer/input/000002_0.txt~:67108864+33554432 > map
2014-12-07 03:00:55,284 INFO org.apache.hadoop.mapred.LocalJobRunner: file:/home/cloudera/workspace/MapperReducer/input/000002_0.txt~:67108864+33554432 > map
2014-12-07 03:00:58,285 INFO org.apache.hadoop.mapred.LocalJobRunner: file:/home/cloudera/workspace/MapperReducer/input/000002_0.txt~:67108864+33554432 > map
2014-12-07 03:01:00,707 INFO org.apache.hadoop.mapred.LocalJobRunner: Starting task: attempt_local232219808_0001_m_000010_0
2014-12-07 03:01:00,713 INFO org.apache.hadoop.mapred.Task:  Using ResourceCalculatorProcessTree : [ ]
2014-12-07 03:01:00,715 INFO org.apache.hadoop.mapred.MapTask: Processing split: file:/home/cloudera/workspace/MapperReducer/input/000002_0.txt~:100663296+33554432
2014-12-07 03:01:00,717 INFO org.apache.hadoop.mapred.MapTask: numReduceTasks: 1
2014-12-07 03:01:00,717 INFO org.apache.hadoop.mapred.MapTask: Map output collector class = org.apache.hadoop.mapred.MapTask$MapOutputBuffer
2014-12-07 03:01:01,132 INFO org.apache.hadoop.mapred.LocalJobRunner: Starting task: attempt_local232219808_0001_m_000011_0
2014-12-07 03:01:01,135 INFO org.apache.hadoop.mapred.Task:  Using ResourceCalculatorProcessTree : [ ]
2014-12-07 03:01:01,136 INFO org.apache.hadoop.mapred.MapTask: Processing split: file:/home/cloudera/workspace/MapperReducer/input/000002_0.txt~:134217728+33554432
2014-12-07 03:01:01,139 INFO org.apache.hadoop.mapred.MapTask: numReduceTasks: 1
2014-12-07 03:01:01,139 INFO org.apache.hadoop.mapred.MapTask: Map output collector class = org.apache.hadoop.mapred.MapTask$MapOutputBuffer
2014-12-07 03:01:01,388 INFO org.apache.hadoop.mapred.LocalJobRunner: file:/home/cloudera/workspace/MapperReducer/input/000002_0.txt~:67108864+33554432 > map
2014-12-07 03:01:01,389 INFO org.apache.hadoop.mapred.LocalJobRunner: Starting task: attempt_local232219808_0001_m_000012_0
2014-12-07 03:01:01,391 INFO org.apache.hadoop.mapred.Task:  Using ResourceCalculatorProcessTree : [ ]
2014-12-07 03:01:01,393 INFO org.apache.hadoop.mapred.MapTask: Processing split: file:/home/cloudera/workspace/MapperReducer/input/000002_0.txt~:167772160+33554432
2014-12-07 03:01:01,427 INFO org.apache.hadoop.mapred.MapTask: numReduceTasks: 1
2014-12-07 03:01:01,427 INFO org.apache.hadoop.mapred.MapTask: Map output collector class = org.apache.hadoop.mapred.MapTask$MapOutputBuffer
2014-12-07 03:01:01,663 INFO org.apache.hadoop.mapred.LocalJobRunner: Starting task: attempt_local232219808_0001_m_000013_0
2014-12-07 03:01:01,672 INFO org.apache.hadoop.mapred.Task:  Using ResourceCalculatorProcessTree : [ ]
2014-12-07 03:01:01,675 INFO org.apache.hadoop.mapred.MapTask: Processing split: file:/home/cloudera/workspace/MapperReducer/input/000002_0.txt~:201326592+33554432
2014-12-07 03:01:01,781 INFO org.apache.hadoop.mapred.MapTask: numReduceTasks: 1
2014-12-07 03:01:01,781 INFO org.apache.hadoop.mapred.MapTask: Map output collector class = org.apache.hadoop.mapred.MapTask$MapOutputBuffer
2014-12-07 03:01:02,009 INFO org.apache.hadoop.mapred.LocalJobRunner: Starting task: attempt_local232219808_0001_m_000014_0
2014-12-07 03:01:02,012 INFO org.apache.hadoop.mapred.Task:  Using ResourceCalculatorProcessTree : [ ]
2014-12-07 03:01:02,013 INFO org.apache.hadoop.mapred.MapTask: Processing split: file:/home/cloudera/workspace/MapperReducer/input/000002_0.txt:234881024+31212181
2014-12-07 03:01:02,015 INFO org.apache.hadoop.mapred.MapTask: numReduceTasks: 1
2014-12-07 03:01:02,015 INFO org.apache.hadoop.mapred.MapTask: Map output collector class = org.apache.hadoop.mapred.MapTask$MapOutputBuffer
2014-12-07 03:01:02,287 INFO org.apache.hadoop.mapred.LocalJobRunner: Starting task: attempt_local232219808_0001_m_000015_0
2014-12-07 03:01:02,290 INFO org.apache.hadoop.mapred.Task:  Using ResourceCalculatorProcessTree : [ ]
2014-12-07 03:01:02,292 INFO org.apache.hadoop.mapred.MapTask: Processing split: file:/home/cloudera/workspace/MapperReducer/input/000002_0.txt~:234881024+31212181
2014-12-07 03:01:02,389 INFO org.apache.hadoop.mapreduce.Job:  map 24% reduce 0%
2014-12-07 03:01:03,485 INFO org.apache.hadoop.mapred.MapTask: numReduceTasks: 1
2014-12-07 03:01:03,488 INFO org.apache.hadoop.mapred.MapTask: Map output collector class = org.apache.hadoop.mapred.MapTask$MapOutputBuffer
2014-12-07 03:01:04,188 INFO org.apache.hadoop.mapred.LocalJobRunner: file:/home/cloudera/workspace/MapperReducer/input/000002_0.txt~:100663296+33554432 > map
2014-12-07 03:01:04,191 INFO org.apache.hadoop.mapred.LocalJobRunner: Map task executor complete.
2014-12-07 03:01:04,201 WARN org.apache.hadoop.mapred.LocalJobRunner: job_local232219808_0001
java.lang.Exception: java.lang.StringIndexOutOfBoundsException: String index out of range: 9
	at org.apache.hadoop.mapred.LocalJobRunner$Job.run(LocalJobRunner.java:401)
Caused by: java.lang.StringIndexOutOfBoundsException: String index out of range: 9
	at java.lang.String.substring(String.java:1934)
	at movie.sentiment.mapReduce.SentimentWordCounterMapper.map(SentimentWordCounterMapper.java:40)
	at movie.sentiment.mapReduce.SentimentWordCounterMapper.map(SentimentWordCounterMapper.java:1)
	at org.apache.hadoop.mapred.MapRunner.run(MapRunner.java:54)
	at org.apache.hadoop.mapred.MapTask.runOldMapper(MapTask.java:428)
	at org.apache.hadoop.mapred.MapTask.run(MapTask.java:340)
	at org.apache.hadoop.mapred.LocalJobRunner$Job$MapTaskRunnable.run(LocalJobRunner.java:233)
	at java.util.concurrent.Executors$RunnableAdapter.call(Executors.java:441)
	at java.util.concurrent.FutureTask$Sync.innerRun(FutureTask.java:303)
	at java.util.concurrent.FutureTask.run(FutureTask.java:138)
	at java.util.concurrent.ThreadPoolExecutor$Worker.runTask(ThreadPoolExecutor.java:886)
	at java.util.concurrent.ThreadPoolExecutor$Worker.run(ThreadPoolExecutor.java:908)
	at java.lang.Thread.run(Thread.java:662)
2014-12-07 03:01:04,394 INFO org.apache.hadoop.mapreduce.Job: Job job_local232219808_0001 failed with state FAILED due to: NA
2014-12-07 03:01:04,389 INFO org.apache.hadoop.mapred.LocalJobRunner: file:/home/cloudera/workspace/MapperReducer/input/000002_0.txt~:67108864+33554432 > map
2014-12-07 03:01:06,105 INFO org.apache.hadoop.mapreduce.Job: Counters: 20
	File System Counters
		FILE: Number of bytes read=1001010739
		FILE: Number of bytes written=201070738
		FILE: Number of read operations=0
		FILE: Number of large read operations=0
		FILE: Number of write operations=0
	Map-Reduce Framework
		Map input records=102888
		Map output records=4133611
		Map output bytes=57870554
		Map output materialized bytes=28487324
		Input split bytes=1258
		Combine input records=0
		Spilled Records=1780457
		Failed Shuffles=0
		Merged Map outputs=0
		GC time elapsed (ms)=11066
		CPU time spent (ms)=0
		Physical memory (bytes) snapshot=0
		Virtual memory (bytes) snapshot=0
		Total committed heap usage (bytes)=9767337984
	File Input Format Counters 
		Bytes Read=156643328
2014-12-07 03:01:07,187 INFO org.apache.hadoop.mapred.LocalJobRunner: file:/home/cloudera/workspace/MapperReducer/input/000002_0.txt~:134217728+33554432 > map
2014-12-07 03:01:08,178 INFO org.apache.hadoop.mapred.LocalJobRunner: file:/home/cloudera/workspace/MapperReducer/input/000002_0.txt:234881024+31212181 > map
2014-12-07 03:01:08,185 INFO org.apache.hadoop.mapred.LocalJobRunner: file:/home/cloudera/workspace/MapperReducer/input/000002_0.txt~:201326592+33554432 > map
2014-12-07 03:01:08,186 INFO org.apache.hadoop.mapred.LocalJobRunner: file:/home/cloudera/workspace/MapperReducer/input/000002_0.txt~:167772160+33554432 > map
2014-12-07 03:07:08,038 WARN org.apache.hadoop.util.NativeCodeLoader: Unable to load native-hadoop library for your platform... using builtin-java classes where applicable
2014-12-07 03:07:09,467 WARN org.apache.hadoop.conf.Configuration: session.id is deprecated. Instead, use dfs.metrics.session-id
2014-12-07 03:07:09,480 INFO org.apache.hadoop.metrics.jvm.JvmMetrics: Initializing JVM Metrics with processName=JobTracker, sessionId=
2014-12-07 03:07:09,588 INFO org.apache.hadoop.metrics.jvm.JvmMetrics: Cannot initialize JVM Metrics with processName=JobTracker, sessionId= - already initialized
2014-12-07 03:07:09,742 WARN org.apache.hadoop.mapreduce.JobSubmitter: No job jar file set.  User classes may not be found. See Job or Job#setJar(String).
2014-12-07 03:07:09,830 INFO org.apache.hadoop.mapred.FileInputFormat: Total input paths to process : 3
2014-12-07 03:07:09,983 INFO org.apache.hadoop.mapreduce.JobSubmitter: number of splits:10
2014-12-07 03:07:10,039 WARN org.apache.hadoop.conf.Configuration: mapred.output.value.class is deprecated. Instead, use mapreduce.job.output.value.class
2014-12-07 03:07:10,042 WARN org.apache.hadoop.conf.Configuration: mapred.job.name is deprecated. Instead, use mapreduce.job.name
2014-12-07 03:07:10,047 WARN org.apache.hadoop.conf.Configuration: mapred.input.dir is deprecated. Instead, use mapreduce.input.fileinputformat.inputdir
2014-12-07 03:07:10,049 WARN org.apache.hadoop.conf.Configuration: mapred.output.dir is deprecated. Instead, use mapreduce.output.fileoutputformat.outputdir
2014-12-07 03:07:10,050 WARN org.apache.hadoop.conf.Configuration: mapred.map.tasks is deprecated. Instead, use mapreduce.job.maps
2014-12-07 03:07:10,050 WARN org.apache.hadoop.conf.Configuration: mapred.output.key.class is deprecated. Instead, use mapreduce.job.output.key.class
2014-12-07 03:07:10,053 WARN org.apache.hadoop.conf.Configuration: mapred.working.dir is deprecated. Instead, use mapreduce.job.working.dir
2014-12-07 03:07:10,466 INFO org.apache.hadoop.mapreduce.JobSubmitter: Submitting tokens for job: job_local31839957_0001
2014-12-07 03:07:11,844 INFO org.apache.hadoop.mapreduce.Job: The url to track the job: http://localhost:8080/
2014-12-07 03:07:11,848 INFO org.apache.hadoop.mapreduce.Job: Running job: job_local31839957_0001
2014-12-07 03:07:11,861 INFO org.apache.hadoop.mapred.LocalJobRunner: OutputCommitter set in config null
2014-12-07 03:07:11,867 INFO org.apache.hadoop.mapred.LocalJobRunner: OutputCommitter is org.apache.hadoop.mapred.FileOutputCommitter
2014-12-07 03:07:11,953 INFO org.apache.hadoop.mapred.LocalJobRunner: Waiting for map tasks
2014-12-07 03:07:11,959 INFO org.apache.hadoop.mapred.LocalJobRunner: Starting task: attempt_local31839957_0001_m_000000_0
2014-12-07 03:07:12,173 INFO org.apache.hadoop.mapred.Task:  Using ResourceCalculatorProcessTree : [ ]
2014-12-07 03:07:12,220 INFO org.apache.hadoop.mapred.MapTask: Processing split: file:/home/cloudera/workspace/MapperReducer/input/000002_0.txt~:0+33554432
2014-12-07 03:07:12,254 INFO org.apache.hadoop.mapred.MapTask: numReduceTasks: 1
2014-12-07 03:07:12,298 INFO org.apache.hadoop.mapred.MapTask: Map output collector class = org.apache.hadoop.mapred.MapTask$MapOutputBuffer
2014-12-07 03:07:12,476 INFO org.apache.hadoop.mapred.MapTask: (EQUATOR) 0 kvi 26214396(104857584)
2014-12-07 03:07:12,477 INFO org.apache.hadoop.mapred.MapTask: mapreduce.task.io.sort.mb: 100
2014-12-07 03:07:12,477 INFO org.apache.hadoop.mapred.MapTask: soft limit at 83886080
2014-12-07 03:07:12,477 INFO org.apache.hadoop.mapred.MapTask: bufstart = 0; bufvoid = 104857600
2014-12-07 03:07:12,480 INFO org.apache.hadoop.mapred.MapTask: kvstart = 26214396; length = 6553600
2014-12-07 03:07:12,866 INFO org.apache.hadoop.mapreduce.Job: Job job_local31839957_0001 running in uber mode : false
2014-12-07 03:07:12,875 INFO org.apache.hadoop.mapreduce.Job:  map 0% reduce 0%
2014-12-07 03:07:15,847 INFO org.apache.hadoop.mapred.LocalJobRunner: Starting task: attempt_local31839957_0001_m_000001_0
2014-12-07 03:07:15,855 INFO org.apache.hadoop.mapred.Task:  Using ResourceCalculatorProcessTree : [ ]
2014-12-07 03:07:15,857 INFO org.apache.hadoop.mapred.MapTask: Processing split: file:/home/cloudera/workspace/MapperReducer/input/000002_0.txt~:33554432+33554432
2014-12-07 03:07:15,876 INFO org.apache.hadoop.mapred.MapTask: numReduceTasks: 1
2014-12-07 03:07:15,879 INFO org.apache.hadoop.mapred.MapTask: Map output collector class = org.apache.hadoop.mapred.MapTask$MapOutputBuffer
2014-12-07 03:07:16,037 INFO org.apache.hadoop.mapred.MapTask: (EQUATOR) 0 kvi 26214396(104857584)
2014-12-07 03:07:16,038 INFO org.apache.hadoop.mapred.MapTask: mapreduce.task.io.sort.mb: 100
2014-12-07 03:07:16,038 INFO org.apache.hadoop.mapred.MapTask: soft limit at 83886080
2014-12-07 03:07:16,038 INFO org.apache.hadoop.mapred.MapTask: bufstart = 0; bufvoid = 104857600
2014-12-07 03:07:16,038 INFO org.apache.hadoop.mapred.MapTask: kvstart = 26214396; length = 6553600
2014-12-07 03:07:18,133 INFO org.apache.hadoop.mapred.LocalJobRunner: file:/home/cloudera/workspace/MapperReducer/input/000002_0.txt~:0+33554432 > map
2014-12-07 03:07:21,134 INFO org.apache.hadoop.mapred.LocalJobRunner: file:/home/cloudera/workspace/MapperReducer/input/000002_0.txt~:0+33554432 > map
2014-12-07 03:07:21,163 INFO org.apache.hadoop.mapred.LocalJobRunner: Starting task: attempt_local31839957_0001_m_000002_0
2014-12-07 03:07:21,168 INFO org.apache.hadoop.mapred.Task:  Using ResourceCalculatorProcessTree : [ ]
2014-12-07 03:07:21,170 INFO org.apache.hadoop.mapred.MapTask: Processing split: file:/home/cloudera/workspace/MapperReducer/input/000002_0.txt~:67108864+33554432
2014-12-07 03:07:21,174 INFO org.apache.hadoop.mapred.MapTask: numReduceTasks: 1
2014-12-07 03:07:21,175 INFO org.apache.hadoop.mapred.MapTask: Map output collector class = org.apache.hadoop.mapred.MapTask$MapOutputBuffer
2014-12-07 03:07:21,323 INFO org.apache.hadoop.mapred.MapTask: (EQUATOR) 0 kvi 26214396(104857584)
2014-12-07 03:07:21,324 INFO org.apache.hadoop.mapred.MapTask: mapreduce.task.io.sort.mb: 100
2014-12-07 03:07:21,324 INFO org.apache.hadoop.mapred.MapTask: soft limit at 83886080
2014-12-07 03:07:21,324 INFO org.apache.hadoop.mapred.MapTask: bufstart = 0; bufvoid = 104857600
2014-12-07 03:07:21,324 INFO org.apache.hadoop.mapred.MapTask: kvstart = 26214396; length = 6553600
2014-12-07 03:07:22,017 INFO org.apache.hadoop.mapred.LocalJobRunner: file:/home/cloudera/workspace/MapperReducer/input/000002_0.txt~:33554432+33554432 > map
2014-12-07 03:07:25,018 INFO org.apache.hadoop.mapred.LocalJobRunner: file:/home/cloudera/workspace/MapperReducer/input/000002_0.txt~:33554432+33554432 > map
2014-12-07 03:07:27,175 INFO org.apache.hadoop.mapred.LocalJobRunner: file:/home/cloudera/workspace/MapperReducer/input/000002_0.txt~:67108864+33554432 > map
2014-12-07 03:07:28,022 INFO org.apache.hadoop.mapreduce.Job:  map 1% reduce 0%
2014-12-07 03:07:30,178 INFO org.apache.hadoop.mapred.LocalJobRunner: file:/home/cloudera/workspace/MapperReducer/input/000002_0.txt~:67108864+33554432 > map
2014-12-07 03:07:31,024 INFO org.apache.hadoop.mapreduce.Job:  map 2% reduce 0%
2014-12-07 03:07:33,179 INFO org.apache.hadoop.mapred.LocalJobRunner: file:/home/cloudera/workspace/MapperReducer/input/000002_0.txt~:67108864+33554432 > map
2014-12-07 03:07:34,026 INFO org.apache.hadoop.mapreduce.Job:  map 3% reduce 0%
2014-12-07 03:07:36,180 INFO org.apache.hadoop.mapred.LocalJobRunner: file:/home/cloudera/workspace/MapperReducer/input/000002_0.txt~:67108864+33554432 > map
2014-12-07 03:07:39,180 INFO org.apache.hadoop.mapred.LocalJobRunner: file:/home/cloudera/workspace/MapperReducer/input/000002_0.txt~:67108864+33554432 > map
2014-12-07 03:07:40,032 INFO org.apache.hadoop.mapreduce.Job:  map 4% reduce 0%
2014-12-07 03:07:40,787 INFO org.apache.hadoop.mapred.LocalJobRunner: Starting task: attempt_local31839957_0001_m_000003_0
2014-12-07 03:07:40,810 INFO org.apache.hadoop.mapred.Task:  Using ResourceCalculatorProcessTree : [ ]
2014-12-07 03:07:40,828 INFO org.apache.hadoop.mapred.MapTask: Processing split: file:/home/cloudera/workspace/MapperReducer/input/000002_0.txt~:100663296+33554432
2014-12-07 03:07:40,842 INFO org.apache.hadoop.mapred.MapTask: numReduceTasks: 1
2014-12-07 03:07:40,849 INFO org.apache.hadoop.mapred.MapTask: Map output collector class = org.apache.hadoop.mapred.MapTask$MapOutputBuffer
2014-12-07 03:07:41,054 INFO org.apache.hadoop.mapred.MapTask: (EQUATOR) 0 kvi 26214396(104857584)
2014-12-07 03:07:41,055 INFO org.apache.hadoop.mapred.MapTask: mapreduce.task.io.sort.mb: 100
2014-12-07 03:07:41,056 INFO org.apache.hadoop.mapred.MapTask: soft limit at 83886080
2014-12-07 03:07:41,056 INFO org.apache.hadoop.mapred.MapTask: bufstart = 0; bufvoid = 104857600
2014-12-07 03:07:41,058 INFO org.apache.hadoop.mapred.MapTask: kvstart = 26214396; length = 6553600
2014-12-07 03:07:42,182 INFO org.apache.hadoop.mapred.LocalJobRunner: file:/home/cloudera/workspace/MapperReducer/input/000002_0.txt~:67108864+33554432 > map
2014-12-07 03:07:45,183 INFO org.apache.hadoop.mapred.LocalJobRunner: file:/home/cloudera/workspace/MapperReducer/input/000002_0.txt~:67108864+33554432 > map
2014-12-07 03:07:46,812 INFO org.apache.hadoop.mapred.LocalJobRunner: file:/home/cloudera/workspace/MapperReducer/input/000002_0.txt~:100663296+33554432 > map
2014-12-07 03:07:47,076 INFO org.apache.hadoop.mapreduce.Job:  map 5% reduce 0%
2014-12-07 03:07:49,813 INFO org.apache.hadoop.mapred.LocalJobRunner: file:/home/cloudera/workspace/MapperReducer/input/000002_0.txt~:100663296+33554432 > map
2014-12-07 03:07:50,080 INFO org.apache.hadoop.mapreduce.Job:  map 6% reduce 0%
2014-12-07 03:07:52,814 INFO org.apache.hadoop.mapred.LocalJobRunner: file:/home/cloudera/workspace/MapperReducer/input/000002_0.txt~:100663296+33554432 > map
2014-12-07 03:07:55,817 INFO org.apache.hadoop.mapred.LocalJobRunner: file:/home/cloudera/workspace/MapperReducer/input/000002_0.txt~:100663296+33554432 > map
2014-12-07 03:07:56,092 INFO org.apache.hadoop.mapreduce.Job:  map 7% reduce 0%
2014-12-07 03:07:58,821 INFO org.apache.hadoop.mapred.LocalJobRunner: file:/home/cloudera/workspace/MapperReducer/input/000002_0.txt~:100663296+33554432 > map
2014-12-07 03:07:59,094 INFO org.apache.hadoop.mapreduce.Job:  map 8% reduce 0%
2014-12-07 03:08:01,821 INFO org.apache.hadoop.mapred.LocalJobRunner: file:/home/cloudera/workspace/MapperReducer/input/000002_0.txt~:100663296+33554432 > map
2014-12-07 03:08:04,822 INFO org.apache.hadoop.mapred.LocalJobRunner: file:/home/cloudera/workspace/MapperReducer/input/000002_0.txt~:100663296+33554432 > map
2014-12-07 03:08:05,098 INFO org.apache.hadoop.mapreduce.Job:  map 9% reduce 0%
2014-12-07 03:08:07,823 INFO org.apache.hadoop.mapred.LocalJobRunner: file:/home/cloudera/workspace/MapperReducer/input/000002_0.txt~:100663296+33554432 > map
2014-12-07 03:08:10,824 INFO org.apache.hadoop.mapred.LocalJobRunner: file:/home/cloudera/workspace/MapperReducer/input/000002_0.txt~:100663296+33554432 > map
2014-12-07 03:08:11,105 INFO org.apache.hadoop.mapreduce.Job:  map 10% reduce 0%
2014-12-07 03:08:13,827 INFO org.apache.hadoop.mapred.LocalJobRunner: file:/home/cloudera/workspace/MapperReducer/input/000002_0.txt~:100663296+33554432 > map
2014-12-07 03:08:16,828 INFO org.apache.hadoop.mapred.LocalJobRunner: file:/home/cloudera/workspace/MapperReducer/input/000002_0.txt~:100663296+33554432 > map
2014-12-07 03:08:18,581 INFO org.apache.hadoop.mapred.LocalJobRunner: file:/home/cloudera/workspace/MapperReducer/input/000002_0.txt~:100663296+33554432 > map
2014-12-07 03:08:18,583 INFO org.apache.hadoop.mapred.MapTask: Starting flush of map output
2014-12-07 03:08:18,583 INFO org.apache.hadoop.mapred.MapTask: Spilling map output
2014-12-07 03:08:18,584 INFO org.apache.hadoop.mapred.MapTask: bufstart = 0; bufend = 12366536; bufvoid = 104857600
2014-12-07 03:08:18,584 INFO org.apache.hadoop.mapred.MapTask: kvstart = 26214396(104857584); kvend = 22681104(90724416); length = 3533293/6553600
2014-12-07 03:08:19,832 INFO org.apache.hadoop.mapred.LocalJobRunner: file:/home/cloudera/workspace/MapperReducer/input/000002_0.txt~:100663296+33554432 > sort
2014-12-07 03:08:20,129 INFO org.apache.hadoop.mapreduce.Job:  map 11% reduce 0%
2014-12-07 03:08:22,436 INFO org.apache.hadoop.mapred.MapTask: Finished spill 0
2014-12-07 03:08:22,446 INFO org.apache.hadoop.mapred.Task: Task:attempt_local31839957_0001_m_000003_0 is done. And is in the process of committing
2014-12-07 03:08:22,449 INFO org.apache.hadoop.mapred.LocalJobRunner: file:/home/cloudera/workspace/MapperReducer/input/000002_0.txt~:100663296+33554432
2014-12-07 03:08:22,450 INFO org.apache.hadoop.mapred.Task: Task 'attempt_local31839957_0001_m_000003_0' done.
2014-12-07 03:08:22,450 INFO org.apache.hadoop.mapred.LocalJobRunner: Finishing task: attempt_local31839957_0001_m_000003_0
2014-12-07 03:08:22,450 INFO org.apache.hadoop.mapred.LocalJobRunner: Starting task: attempt_local31839957_0001_m_000004_0
2014-12-07 03:08:22,453 INFO org.apache.hadoop.mapred.Task:  Using ResourceCalculatorProcessTree : [ ]
2014-12-07 03:08:22,455 INFO org.apache.hadoop.mapred.MapTask: Processing split: file:/home/cloudera/workspace/MapperReducer/input/000002_0.txt~:134217728+33554432
2014-12-07 03:08:22,457 INFO org.apache.hadoop.mapred.MapTask: numReduceTasks: 1
2014-12-07 03:08:22,458 INFO org.apache.hadoop.mapred.MapTask: Map output collector class = org.apache.hadoop.mapred.MapTask$MapOutputBuffer
2014-12-07 03:08:22,487 INFO org.apache.hadoop.mapred.MapTask: (EQUATOR) 0 kvi 26214396(104857584)
2014-12-07 03:08:22,489 INFO org.apache.hadoop.mapred.MapTask: mapreduce.task.io.sort.mb: 100
2014-12-07 03:08:22,489 INFO org.apache.hadoop.mapred.MapTask: soft limit at 83886080
2014-12-07 03:08:22,489 INFO org.apache.hadoop.mapred.MapTask: bufstart = 0; bufvoid = 104857600
2014-12-07 03:08:22,489 INFO org.apache.hadoop.mapred.MapTask: kvstart = 26214396; length = 6553600
2014-12-07 03:08:23,133 INFO org.apache.hadoop.mapreduce.Job:  map 100% reduce 0%
2014-12-07 03:08:28,458 INFO org.apache.hadoop.mapred.LocalJobRunner: file:/home/cloudera/workspace/MapperReducer/input/000002_0.txt~:134217728+33554432 > map
2014-12-07 03:08:29,138 INFO org.apache.hadoop.mapreduce.Job:  map 15% reduce 0%
2014-12-07 03:08:31,459 INFO org.apache.hadoop.mapred.LocalJobRunner: file:/home/cloudera/workspace/MapperReducer/input/000002_0.txt~:134217728+33554432 > map
2014-12-07 03:08:32,141 INFO org.apache.hadoop.mapreduce.Job:  map 16% reduce 0%
2014-12-07 03:08:34,460 INFO org.apache.hadoop.mapred.LocalJobRunner: file:/home/cloudera/workspace/MapperReducer/input/000002_0.txt~:134217728+33554432 > map
2014-12-07 03:08:37,461 INFO org.apache.hadoop.mapred.LocalJobRunner: file:/home/cloudera/workspace/MapperReducer/input/000002_0.txt~:134217728+33554432 > map
2014-12-07 03:08:40,462 INFO org.apache.hadoop.mapred.LocalJobRunner: file:/home/cloudera/workspace/MapperReducer/input/000002_0.txt~:134217728+33554432 > map
2014-12-07 03:08:41,160 INFO org.apache.hadoop.mapreduce.Job:  map 17% reduce 0%
2014-12-07 03:08:42,699 INFO org.apache.hadoop.mapred.LocalJobRunner: Starting task: attempt_local31839957_0001_m_000005_0
2014-12-07 03:08:42,702 INFO org.apache.hadoop.mapred.Task:  Using ResourceCalculatorProcessTree : [ ]
2014-12-07 03:08:42,704 INFO org.apache.hadoop.mapred.MapTask: Processing split: file:/home/cloudera/workspace/MapperReducer/input/000002_0.txt~:167772160+33554432
2014-12-07 03:08:42,721 INFO org.apache.hadoop.mapred.MapTask: numReduceTasks: 1
2014-12-07 03:08:42,722 INFO org.apache.hadoop.mapred.MapTask: Map output collector class = org.apache.hadoop.mapred.MapTask$MapOutputBuffer
2014-12-07 03:08:42,762 INFO org.apache.hadoop.mapred.MapTask: (EQUATOR) 0 kvi 26214396(104857584)
2014-12-07 03:08:42,763 INFO org.apache.hadoop.mapred.MapTask: mapreduce.task.io.sort.mb: 100
2014-12-07 03:08:42,763 INFO org.apache.hadoop.mapred.MapTask: soft limit at 83886080
2014-12-07 03:08:42,763 INFO org.apache.hadoop.mapred.MapTask: bufstart = 0; bufvoid = 104857600
2014-12-07 03:08:42,763 INFO org.apache.hadoop.mapred.MapTask: kvstart = 26214396; length = 6553600
2014-12-07 03:08:43,463 INFO org.apache.hadoop.mapred.LocalJobRunner: file:/home/cloudera/workspace/MapperReducer/input/000002_0.txt~:134217728+33554432 > map
2014-12-07 03:08:46,464 INFO org.apache.hadoop.mapred.LocalJobRunner: file:/home/cloudera/workspace/MapperReducer/input/000002_0.txt~:134217728+33554432 > map
2014-12-07 03:08:48,706 INFO org.apache.hadoop.mapred.LocalJobRunner: file:/home/cloudera/workspace/MapperReducer/input/000002_0.txt~:167772160+33554432 > map
2014-12-07 03:08:49,171 INFO org.apache.hadoop.mapreduce.Job:  map 18% reduce 0%
2014-12-07 03:08:51,708 INFO org.apache.hadoop.mapred.LocalJobRunner: file:/home/cloudera/workspace/MapperReducer/input/000002_0.txt~:167772160+33554432 > map
2014-12-07 03:08:54,711 INFO org.apache.hadoop.mapred.LocalJobRunner: file:/home/cloudera/workspace/MapperReducer/input/000002_0.txt~:167772160+33554432 > map
2014-12-07 03:08:57,713 INFO org.apache.hadoop.mapred.LocalJobRunner: file:/home/cloudera/workspace/MapperReducer/input/000002_0.txt~:167772160+33554432 > map
2014-12-07 03:08:58,178 INFO org.apache.hadoop.mapreduce.Job:  map 19% reduce 0%
2014-12-07 03:09:00,714 INFO org.apache.hadoop.mapred.LocalJobRunner: file:/home/cloudera/workspace/MapperReducer/input/000002_0.txt~:167772160+33554432 > map
2014-12-07 03:09:03,714 INFO org.apache.hadoop.mapred.LocalJobRunner: file:/home/cloudera/workspace/MapperReducer/input/000002_0.txt~:167772160+33554432 > map
2014-12-07 03:09:04,182 INFO org.apache.hadoop.mapreduce.Job:  map 20% reduce 0%
2014-12-07 03:09:06,715 INFO org.apache.hadoop.mapred.LocalJobRunner: file:/home/cloudera/workspace/MapperReducer/input/000002_0.txt~:167772160+33554432 > map
2014-12-07 03:09:09,716 INFO org.apache.hadoop.mapred.LocalJobRunner: file:/home/cloudera/workspace/MapperReducer/input/000002_0.txt~:167772160+33554432 > map
2014-12-07 03:09:12,718 INFO org.apache.hadoop.mapred.LocalJobRunner: file:/home/cloudera/workspace/MapperReducer/input/000002_0.txt~:167772160+33554432 > map
2014-12-07 03:09:13,238 INFO org.apache.hadoop.mapreduce.Job:  map 21% reduce 0%
2014-12-07 03:09:15,718 INFO org.apache.hadoop.mapred.LocalJobRunner: file:/home/cloudera/workspace/MapperReducer/input/000002_0.txt~:167772160+33554432 > map
2014-12-07 03:09:18,719 INFO org.apache.hadoop.mapred.LocalJobRunner: file:/home/cloudera/workspace/MapperReducer/input/000002_0.txt~:167772160+33554432 > map
2014-12-07 03:09:21,720 INFO org.apache.hadoop.mapred.LocalJobRunner: file:/home/cloudera/workspace/MapperReducer/input/000002_0.txt~:167772160+33554432 > map
2014-12-07 03:09:24,721 INFO org.apache.hadoop.mapred.LocalJobRunner: file:/home/cloudera/workspace/MapperReducer/input/000002_0.txt~:167772160+33554432 > map
2014-12-07 03:09:25,254 INFO org.apache.hadoop.mapreduce.Job:  map 22% reduce 0%
2014-12-07 03:09:38,492 WARN org.apache.hadoop.util.NativeCodeLoader: Unable to load native-hadoop library for your platform... using builtin-java classes where applicable
2014-12-07 03:09:39,529 WARN org.apache.hadoop.conf.Configuration: session.id is deprecated. Instead, use dfs.metrics.session-id
2014-12-07 03:09:39,534 INFO org.apache.hadoop.metrics.jvm.JvmMetrics: Initializing JVM Metrics with processName=JobTracker, sessionId=
2014-12-07 03:09:39,673 INFO org.apache.hadoop.metrics.jvm.JvmMetrics: Cannot initialize JVM Metrics with processName=JobTracker, sessionId= - already initialized
2014-12-07 03:09:39,820 WARN org.apache.hadoop.mapreduce.JobSubmitter: No job jar file set.  User classes may not be found. See Job or Job#setJar(String).
2014-12-07 03:09:39,871 INFO org.apache.hadoop.mapred.FileInputFormat: Total input paths to process : 1
2014-12-07 03:09:39,989 INFO org.apache.hadoop.mapreduce.JobSubmitter: number of splits:1
2014-12-07 03:09:40,044 WARN org.apache.hadoop.conf.Configuration: mapred.output.value.class is deprecated. Instead, use mapreduce.job.output.value.class
2014-12-07 03:09:40,050 WARN org.apache.hadoop.conf.Configuration: mapred.job.name is deprecated. Instead, use mapreduce.job.name
2014-12-07 03:09:40,050 WARN org.apache.hadoop.conf.Configuration: mapred.input.dir is deprecated. Instead, use mapreduce.input.fileinputformat.inputdir
2014-12-07 03:09:40,053 WARN org.apache.hadoop.conf.Configuration: mapred.output.dir is deprecated. Instead, use mapreduce.output.fileoutputformat.outputdir
2014-12-07 03:09:40,054 WARN org.apache.hadoop.conf.Configuration: mapred.map.tasks is deprecated. Instead, use mapreduce.job.maps
2014-12-07 03:09:40,055 WARN org.apache.hadoop.conf.Configuration: mapred.output.key.class is deprecated. Instead, use mapreduce.job.output.key.class
2014-12-07 03:09:40,055 WARN org.apache.hadoop.conf.Configuration: mapred.working.dir is deprecated. Instead, use mapreduce.job.working.dir
2014-12-07 03:09:40,338 INFO org.apache.hadoop.mapreduce.JobSubmitter: Submitting tokens for job: job_local558305886_0001
2014-12-07 03:09:41,617 INFO org.apache.hadoop.mapreduce.Job: The url to track the job: http://localhost:8080/
2014-12-07 03:09:41,632 INFO org.apache.hadoop.mapreduce.Job: Running job: job_local558305886_0001
2014-12-07 03:09:41,637 INFO org.apache.hadoop.mapred.LocalJobRunner: OutputCommitter set in config null
2014-12-07 03:09:41,639 INFO org.apache.hadoop.mapred.LocalJobRunner: OutputCommitter is org.apache.hadoop.mapred.FileOutputCommitter
2014-12-07 03:09:41,684 INFO org.apache.hadoop.mapred.LocalJobRunner: Waiting for map tasks
2014-12-07 03:09:41,699 INFO org.apache.hadoop.mapred.LocalJobRunner: Starting task: attempt_local558305886_0001_m_000000_0
2014-12-07 03:09:41,888 INFO org.apache.hadoop.mapred.Task:  Using ResourceCalculatorProcessTree : [ ]
2014-12-07 03:09:41,930 INFO org.apache.hadoop.mapred.MapTask: Processing split: file:/home/cloudera/workspace/MapperReducer/input/000000_0.txt:0+81933
2014-12-07 03:09:41,958 INFO org.apache.hadoop.mapred.MapTask: numReduceTasks: 1
2014-12-07 03:09:41,987 INFO org.apache.hadoop.mapred.MapTask: Map output collector class = org.apache.hadoop.mapred.MapTask$MapOutputBuffer
2014-12-07 03:09:42,163 INFO org.apache.hadoop.mapred.MapTask: (EQUATOR) 0 kvi 26214396(104857584)
2014-12-07 03:09:42,163 INFO org.apache.hadoop.mapred.MapTask: mapreduce.task.io.sort.mb: 100
2014-12-07 03:09:42,163 INFO org.apache.hadoop.mapred.MapTask: soft limit at 83886080
2014-12-07 03:09:42,163 INFO org.apache.hadoop.mapred.MapTask: bufstart = 0; bufvoid = 104857600
2014-12-07 03:09:42,164 INFO org.apache.hadoop.mapred.MapTask: kvstart = 26214396; length = 6553600
2014-12-07 03:09:42,642 INFO org.apache.hadoop.mapreduce.Job: Job job_local558305886_0001 running in uber mode : false
2014-12-07 03:09:42,650 INFO org.apache.hadoop.mapreduce.Job:  map 0% reduce 0%
2014-12-07 03:09:43,764 INFO org.apache.hadoop.mapred.LocalJobRunner: 
2014-12-07 03:09:43,769 INFO org.apache.hadoop.mapred.MapTask: Starting flush of map output
2014-12-07 03:09:43,773 INFO org.apache.hadoop.mapred.MapTask: Spilling map output
2014-12-07 03:09:43,774 INFO org.apache.hadoop.mapred.MapTask: bufstart = 0; bufend = 30394; bufvoid = 104857600
2014-12-07 03:09:43,774 INFO org.apache.hadoop.mapred.MapTask: kvstart = 26214396(104857584); kvend = 26205716(104822864); length = 8681/6553600
2014-12-07 03:09:43,977 INFO org.apache.hadoop.mapred.MapTask: Finished spill 0
2014-12-07 03:09:43,991 INFO org.apache.hadoop.mapred.Task: Task:attempt_local558305886_0001_m_000000_0 is done. And is in the process of committing
2014-12-07 03:09:44,012 INFO org.apache.hadoop.mapred.LocalJobRunner: file:/home/cloudera/workspace/MapperReducer/input/000000_0.txt:0+81933
2014-12-07 03:09:44,013 INFO org.apache.hadoop.mapred.Task: Task 'attempt_local558305886_0001_m_000000_0' done.
2014-12-07 03:09:44,013 INFO org.apache.hadoop.mapred.LocalJobRunner: Finishing task: attempt_local558305886_0001_m_000000_0
2014-12-07 03:09:44,015 INFO org.apache.hadoop.mapred.LocalJobRunner: Map task executor complete.
2014-12-07 03:09:44,051 INFO org.apache.hadoop.mapred.Task:  Using ResourceCalculatorProcessTree : [ ]
2014-12-07 03:09:44,070 INFO org.apache.hadoop.mapred.Merger: Merging 1 sorted segments
2014-12-07 03:09:44,123 INFO org.apache.hadoop.mapred.Merger: Down to the last merge-pass, with 1 segments left of total size: 34726 bytes
2014-12-07 03:09:44,127 INFO org.apache.hadoop.mapred.LocalJobRunner: 
2014-12-07 03:09:44,378 INFO org.apache.hadoop.mapred.Task: Task:attempt_local558305886_0001_r_000000_0 is done. And is in the process of committing
2014-12-07 03:09:44,382 INFO org.apache.hadoop.mapred.LocalJobRunner: 
2014-12-07 03:09:44,382 INFO org.apache.hadoop.mapred.Task: Task attempt_local558305886_0001_r_000000_0 is allowed to commit now
2014-12-07 03:09:44,385 INFO org.apache.hadoop.mapreduce.lib.output.FileOutputCommitter: Saved output of task 'attempt_local558305886_0001_r_000000_0' to file:/home/cloudera/workspace/MapperReducer/output/_temporary/0/task_local558305886_0001_r_000000
2014-12-07 03:09:44,388 INFO org.apache.hadoop.mapred.LocalJobRunner: reduce > reduce
2014-12-07 03:09:44,388 INFO org.apache.hadoop.mapred.Task: Task 'attempt_local558305886_0001_r_000000_0' done.
2014-12-07 03:09:44,661 INFO org.apache.hadoop.mapreduce.Job:  map 100% reduce 100%
2014-12-07 03:09:44,661 INFO org.apache.hadoop.mapreduce.Job: Job job_local558305886_0001 completed successfully
2014-12-07 03:09:44,695 INFO org.apache.hadoop.mapreduce.Job: Counters: 27
	File System Counters
		FILE: Number of bytes read=198950
		FILE: Number of bytes written=407354
		FILE: Number of read operations=0
		FILE: Number of large read operations=0
		FILE: Number of write operations=0
	Map-Reduce Framework
		Map input records=51
		Map output records=2171
		Map output bytes=30394
		Map output materialized bytes=34742
		Input split bytes=114
		Combine input records=0
		Combine output records=0
		Reduce input groups=1
		Reduce shuffle bytes=0
		Reduce input records=2171
		Reduce output records=1
		Spilled Records=4342
		Shuffled Maps =0
		Failed Shuffles=0
		Merged Map outputs=0
		GC time elapsed (ms)=135
		CPU time spent (ms)=0
		Physical memory (bytes) snapshot=0
		Virtual memory (bytes) snapshot=0
		Total committed heap usage (bytes)=331227136
	File Input Format Counters 
		Bytes Read=81933
	File Output Format Counters 
		Bytes Written=26
